<?xml version="1.0" encoding="UTF-8"?>
<!-- Generated by org.testng.reporters.JUnitReportReporter -->
<testsuite hostname="IL013455" failures="0" tests="1" name="SampleLoginTest.SampleLoginTest.SampleTestCase" time="39.262" errors="0" timestamp="16 Nov 2018 07:14:47 GMT" skipped="0">
  <testcase classname="SampleLoginTest.SampleLoginTest.SampleTestCase" name="SampleLoginTestCase" time="39.262"/>
</testsuite> <!-- SampleLoginTest.SampleLoginTest.SampleTestCase -->
